{
  "RSpec": {
    "coverage": {
      "/home/nicbacic/ruby/hello_world/app/controllers/jogos_controller.rb": [
        1,
        1,
        null,
        null,
        null,
        1,
        1,
        1,
        0,
        null,
        1,
        null,
        null,
        null,
        null,
        null,
        1,
        null,
        null,
        null,
        1,
        1,
        null,
        null,
        null,
        1,
        null,
        null,
        null,
        null,
        1,
        2,
        null,
        2,
        2,
        2,
        null,
        0,
        null,
        null,
        null,
        null,
        null,
        1,
        2,
        null,
        2,
        2,
        2,
        null,
        0,
        null,
        null,
        null,
        null,
        null,
        1,
        2,
        2,
        2,
        2,
        null,
        null,
        1,
        null,
        1,
        6,
        null,
        null,
        null,
        1,
        4,
        null,
        null
      ],
      "/home/nicbacic/ruby/hello_world/app/controllers/application_controller.rb": [
        1,
        null,
        null,
        1,
        null,
        1,
        0,
        0,
        0,
        0,
        0,
        null,
        null
      ],
      "/home/nicbacic/ruby/hello_world/app/models/jogo.rb": [
        1,
        null,
        1,
        0,
        0,
        null,
        null,
        0,
        null,
        null,
        null,
        null
      ],
      "/home/nicbacic/ruby/hello_world/app/models/application_record.rb": [
        1,
        1,
        null
      ]
    },
    "timestamp": 1507599654
  }
}
